<?xml version="1.0" encoding="UTF-8"?>
<testng-results skipped="0" failed="1" ignored="0" total="5" passed="4">
  <reporter-output>
  </reporter-output>
  <suite name="Default suite" duration-ms="20192" started-at="2025-05-08T23:50:47 IST" finished-at="2025-05-08T23:51:08 IST">
    <groups>
      <group name="Sanity">
        <method signature="PetAPITest.updatePetDetails()[pri:3, instance:api.test.PetAPITest@30a3107a]" name="updatePetDetails" class="api.test.PetAPITest"/>
      </group> <!-- Sanity -->
      <group name="Regression">
        <method signature="PetAPITest.addPet()[pri:0, instance:api.test.PetAPITest@30a3107a]" name="addPet" class="api.test.PetAPITest"/>
        <method signature="PetAPITest.getPetDetails()[pri:2, instance:api.test.PetAPITest@30a3107a]" name="getPetDetails" class="api.test.PetAPITest"/>
        <method signature="PetAPITest.getPetDetailsByStatus()[pri:4, instance:api.test.PetAPITest@30a3107a]" name="getPetDetailsByStatus" class="api.test.PetAPITest"/>
        <method signature="PetAPITest.updatePetDetails()[pri:3, instance:api.test.PetAPITest@30a3107a]" name="updatePetDetails" class="api.test.PetAPITest"/>
        <method signature="PetAPITest.uploadPetImage()[pri:1, instance:api.test.PetAPITest@30a3107a]" name="uploadPetImage" class="api.test.PetAPITest"/>
      </group> <!-- Regression -->
      <group name="Smoke">
        <method signature="PetAPITest.addPet()[pri:0, instance:api.test.PetAPITest@30a3107a]" name="addPet" class="api.test.PetAPITest"/>
        <method signature="PetAPITest.getPetDetails()[pri:2, instance:api.test.PetAPITest@30a3107a]" name="getPetDetails" class="api.test.PetAPITest"/>
        <method signature="PetAPITest.getPetDetailsByStatus()[pri:4, instance:api.test.PetAPITest@30a3107a]" name="getPetDetailsByStatus" class="api.test.PetAPITest"/>
        <method signature="PetAPITest.updatePetDetails()[pri:3, instance:api.test.PetAPITest@30a3107a]" name="updatePetDetails" class="api.test.PetAPITest"/>
        <method signature="PetAPITest.uploadPetImage()[pri:1, instance:api.test.PetAPITest@30a3107a]" name="uploadPetImage" class="api.test.PetAPITest"/>
      </group> <!-- Smoke -->
    </groups>
    <test name="Default test" duration-ms="20192" started-at="2025-05-08T23:50:47 IST" finished-at="2025-05-08T23:51:08 IST">
      <class name="api.test.PetAPITest">
        <test-method status="PASS" signature="setUp()[pri:0, instance:api.test.PetAPITest@30a3107a]" name="setUp" is-config="true" duration-ms="23" started-at="2025-05-08T23:50:47 IST" finished-at="2025-05-08T23:50:47 IST">
          <reporter-output>
          </reporter-output>
        </test-method> <!-- setUp -->
        <test-method status="PASS" signature="addPet()[pri:0, instance:api.test.PetAPITest@30a3107a]" name="addPet" duration-ms="9542" started-at="2025-05-08T23:50:47 IST" description="Adding new pet in pet store" finished-at="2025-05-08T23:50:57 IST">
          <reporter-output>
          </reporter-output>
        </test-method> <!-- addPet -->
        <test-method status="PASS" signature="uploadPetImage()[pri:1, instance:api.test.PetAPITest@30a3107a]" name="uploadPetImage" duration-ms="6102" started-at="2025-05-08T23:50:57 IST" description="Upload pet image" depends-on-methods="api.test.PetAPITest.addPet" finished-at="2025-05-08T23:51:03 IST">
          <reporter-output>
          </reporter-output>
        </test-method> <!-- uploadPetImage -->
        <test-method status="FAIL" signature="getPetDetails()[pri:2, instance:api.test.PetAPITest@30a3107a]" name="getPetDetails" duration-ms="1315" started-at="2025-05-08T23:51:03 IST" description="Get pet details" depends-on-methods="api.test.PetAPITest.addPet" finished-at="2025-05-08T23:51:04 IST">
          <exception class="java.lang.AssertionError">
            <message>
              <![CDATA[expected [Mini Mau] but found [Updated Pet Name]]]>
            </message>
            <full-stacktrace>
              <![CDATA[java.lang.AssertionError: expected [Mini Mau] but found [Updated Pet Name]
at org.testng.Assert.fail(Assert.java:99)
at org.testng.Assert.failNotEquals(Assert.java:1037)
at org.testng.Assert.assertEqualsImpl(Assert.java:140)
at org.testng.Assert.assertEquals(Assert.java:122)
at org.testng.Assert.assertEquals(Assert.java:629)
at org.testng.Assert.assertEquals(Assert.java:639)
at api.test.PetAPITest.getPetDetails(PetAPITest.java:73)
at sun.reflect.NativeMethodAccessorImpl.invoke0(Native Method)
at sun.reflect.NativeMethodAccessorImpl.invoke(NativeMethodAccessorImpl.java:62)
at sun.reflect.DelegatingMethodAccessorImpl.invoke(DelegatingMethodAccessorImpl.java:43)
at java.lang.reflect.Method.invoke(Method.java:498)
at org.testng.internal.MethodInvocationHelper.invokeMethod(MethodInvocationHelper.java:132)
at org.testng.internal.TestInvoker.invokeMethod(TestInvoker.java:599)
at org.testng.internal.TestInvoker.invokeTestMethod(TestInvoker.java:174)
at org.testng.internal.MethodRunner.runInSequence(MethodRunner.java:46)
at org.testng.internal.TestInvoker$MethodInvocationAgent.invoke(TestInvoker.java:822)
at org.testng.internal.TestInvoker.invokeTestMethods(TestInvoker.java:147)
at org.testng.internal.TestMethodWorker.invokeTestMethods(TestMethodWorker.java:146)
at org.testng.internal.TestMethodWorker.run(TestMethodWorker.java:128)
at java.util.ArrayList.forEach(ArrayList.java:1259)
at org.testng.TestRunner.privateRun(TestRunner.java:764)
at org.testng.TestRunner.run(TestRunner.java:585)
at org.testng.SuiteRunner.runTest(SuiteRunner.java:384)
at org.testng.SuiteRunner.runSequentially(SuiteRunner.java:378)
at org.testng.SuiteRunner.privateRun(SuiteRunner.java:337)
at org.testng.SuiteRunner.run(SuiteRunner.java:286)
at org.testng.SuiteRunnerWorker.runSuite(SuiteRunnerWorker.java:53)
at org.testng.SuiteRunnerWorker.run(SuiteRunnerWorker.java:96)
at org.testng.TestNG.runSuitesSequentially(TestNG.java:1218)
at org.testng.TestNG.runSuitesLocally(TestNG.java:1140)
at org.testng.TestNG.runSuites(TestNG.java:1069)
at org.testng.TestNG.run(TestNG.java:1037)
at org.testng.remote.AbstractRemoteTestNG.run(AbstractRemoteTestNG.java:115)
at org.testng.remote.RemoteTestNG.initAndRun(RemoteTestNG.java:251)
at org.testng.remote.RemoteTestNG.main(RemoteTestNG.java:77)
]]>
            </full-stacktrace>
          </exception> <!-- java.lang.AssertionError -->
          <reporter-output>
          </reporter-output>
        </test-method> <!-- getPetDetails -->
        <test-method status="PASS" signature="updatePetDetails()[pri:3, instance:api.test.PetAPITest@30a3107a]" name="updatePetDetails" duration-ms="1256" started-at="2025-05-08T23:51:04 IST" description="Update Pet details" depends-on-methods="api.test.PetAPITest.addPet" finished-at="2025-05-08T23:51:06 IST">
          <reporter-output>
          </reporter-output>
        </test-method> <!-- updatePetDetails -->
        <test-method status="PASS" signature="getPetDetailsByStatus()[pri:4, instance:api.test.PetAPITest@30a3107a]" name="getPetDetailsByStatus" duration-ms="1794" started-at="2025-05-08T23:51:06 IST" description="Get pet details by it&#039;s status" depends-on-methods="api.test.PetAPITest.addPet" finished-at="2025-05-08T23:51:07 IST">
          <reporter-output>
          </reporter-output>
        </test-method> <!-- getPetDetailsByStatus -->
      </class> <!-- api.test.PetAPITest -->
    </test> <!-- Default test -->
  </suite> <!-- Default suite -->
</testng-results>
